# JRE version: OpenJDK Runtime Environment (8.0_242-b01) (build 1.8.0_242-release-1644-b01)
# Java VM: OpenJDK 64-Bit Server VM (25.242-b01 mixed mode windows-amd64 compressed oops)
Heap:
 PSYoungGen      total 217600K, used 116997K [0x00000000d5580000, 0x00000000e4380000, 0x0000000100000000)
  eden space 194048K, 50% used [0x00000000d5580000,0x00000000db570e70,0x00000000e1300000)
  from space 23552K, 79% used [0x00000000e1300000,0x00000000e2550848,0x00000000e2a00000)
  to   space 19456K, 0% used [0x00000000e2a00000,0x00000000e2a00000,0x00000000e3d00000)
 ParOldGen       total 144896K, used 50690K [0x0000000080000000, 0x0000000088d80000, 0x00000000d5580000)
  object space 144896K, 34% used [0x0000000080000000,0x0000000083180b90,0x0000000088d80000)
 Metaspace       used 74145K, capacity 78182K, committed 78376K, reserved 1116160K
  class space    used 10136K, capacity 10963K, committed 11056K, reserved 1048576K
GC Heap History (10 events):
Event: 9.528 GC heap before
{Heap before GC invocations=14 (full 2):
 PSYoungGen      total 150016K, used 88333K [0x00000000d5580000, 0x00000000e1b80000, 0x0000000100000000)
  eden space 136704K, 54% used [0x00000000d5580000,0x00000000d9ec9348,0x00000000ddb00000)
  from space 13312K, 99% used [0x00000000ddb00000,0x00000000de7fa1d0,0x00000000de800000)
  to   space 18432K, 0% used [0x00000000e0980000,0x00000000e0980000,0x00000000e1b80000)
 ParOldGen       total 91648K, used 25547K [0x0000000080000000, 0x0000000085980000, 0x00000000d5580000)
  object space 91648K, 27% used [0x0000000080000000,0x00000000818f2cb0,0x0000000085980000)
 Metaspace       used 57029K, capacity 59092K, committed 59160K, reserved 1099776K
  class space    used 7811K, capacity 8334K, committed 8368K, reserved 1048576K
Event: 9.546 GC heap after
Heap after GC invocations=14 (full 2):
 PSYoungGen      total 184832K, used 7117K [0x00000000d5580000, 0x00000000e2380000, 0x0000000100000000)
  eden space 166400K, 0% used [0x00000000d5580000,0x00000000d5580000,0x00000000df800000)
  from space 18432K, 38% used [0x00000000e0980000,0x00000000e1073740,0x00000000e1b80000)
  to   space 17920K, 0% used [0x00000000df800000,0x00000000df800000,0x00000000e0980000)
 ParOldGen       total 91648K, used 34643K [0x0000000080000000, 0x0000000085980000, 0x00000000d5580000)
  object space 91648K, 37% used [0x0000000080000000,0x00000000821d4c60,0x0000000085980000)
 Metaspace       used 57029K, capacity 59092K, committed 59160K, reserved 1099776K
  class space    used 7811K, capacity 8334K, committed 8368K, reserved 1048576K
}
Event: 9.546 GC heap before
{Heap before GC invocations=15 (full 3):
 PSYoungGen      total 184832K, used 7117K [0x00000000d5580000, 0x00000000e2380000, 0x0000000100000000)
  eden space 166400K, 0% used [0x00000000d5580000,0x00000000d5580000,0x00000000df800000)
  from space 18432K, 38% used [0x00000000e0980000,0x00000000e1073740,0x00000000e1b80000)
  to   space 17920K, 0% used [0x00000000df800000,0x00000000df800000,0x00000000e0980000)
 ParOldGen       total 91648K, used 34643K [0x0000000080000000, 0x0000000085980000, 0x00000000d5580000)
  object space 91648K, 37% used [0x0000000080000000,0x00000000821d4c60,0x0000000085980000)
 Metaspace       used 57029K, capacity 59092K, committed 59160K, reserved 1099776K
  class space    used 7811K, capacity 8334K, committed 8368K, reserved 1048576K
Event: 9.807 GC heap after
Heap after GC invocations=15 (full 3):
 PSYoungGen      total 184832K, used 0K [0x00000000d5580000, 0x00000000e2380000, 0x0000000100000000)
  eden space 166400K, 0% used [0x00000000d5580000,0x00000000d5580000,0x00000000df800000)
  from space 18432K, 0% used [0x00000000e0980000,0x00000000e0980000,0x00000000e1b80000)
  to   space 17920K, 0% used [0x00000000df800000,0x00000000df800000,0x00000000e0980000)
 ParOldGen       total 144896K, used 34898K [0x0000000080000000, 0x0000000088d80000, 0x00000000d5580000)
  object space 144896K, 24% used [0x0000000080000000,0x0000000082214810,0x0000000088d80000)
 Metaspace       used 57012K, capacity 59032K, committed 59160K, reserved 1099776K
  class space    used 7806K, capacity 8324K, committed 8368K, reserved 1048576K
}
Event: 12.415 GC heap before
{Heap before GC invocations=16 (full 3):
 PSYoungGen      total 184832K, used 166400K [0x00000000d5580000, 0x00000000e2380000, 0x0000000100000000)
  eden space 166400K, 100% used [0x00000000d5580000,0x00000000df800000,0x00000000df800000)
  from space 18432K, 0% used [0x00000000e0980000,0x00000000e0980000,0x00000000e1b80000)
  to   space 17920K, 0% used [0x00000000df800000,0x00000000df800000,0x00000000e0980000)
 ParOldGen       total 144896K, used 34898K [0x0000000080000000, 0x0000000088d80000, 0x00000000d5580000)
  object space 144896K, 24% used [0x0000000080000000,0x0000000082214810,0x0000000088d80000)
 Metaspace       used 61293K, capacity 63950K, committed 64040K, reserved 1103872K
  class space    used 8395K, capacity 8975K, committed 9008K, reserved 1048576K
Event: 12.435 GC heap after
Heap after GC invocations=16 (full 3):
 PSYoungGen      total 184320K, used 16346K [0x00000000d5580000, 0x00000000e3d00000, 0x0000000100000000)
  eden space 166400K, 0% used [0x00000000d5580000,0x00000000d5580000,0x00000000df800000)
  from space 17920K, 91% used [0x00000000df800000,0x00000000e07f69a0,0x00000000e0980000)
  to   space 19456K, 0% used [0x00000000e2a00000,0x00000000e2a00000,0x00000000e3d00000)
 ParOldGen       total 144896K, used 34906K [0x0000000080000000, 0x0000000088d80000, 0x00000000d5580000)
  object space 144896K, 24% used [0x0000000080000000,0x0000000082216810,0x0000000088d80000)
 Metaspace       used 61293K, capacity 63950K, committed 64040K, reserved 1103872K
  class space    used 8395K, capacity 8975K, committed 9008K, reserved 1048576K
}
Event: 14.795 GC heap before
{Heap before GC invocations=17 (full 3):
 PSYoungGen      total 184320K, used 182746K [0x00000000d5580000, 0x00000000e3d00000, 0x0000000100000000)
  eden space 166400K, 100% used [0x00000000d5580000,0x00000000df800000,0x00000000df800000)
  from space 17920K, 91% used [0x00000000df800000,0x00000000e07f69a0,0x00000000e0980000)
  to   space 19456K, 0% used [0x00000000e2a00000,0x00000000e2a00000,0x00000000e3d00000)
 ParOldGen       total 144896K, used 34906K [0x0000000080000000, 0x0000000088d80000, 0x00000000d5580000)
  object space 144896K, 24% used [0x0000000080000000,0x0000000082216810,0x0000000088d80000)
 Metaspace       used 62665K, capacity 65542K, committed 65576K, reserved 1105920K
  class space    used 8568K, capacity 9233K, committed 9264K, reserved 1048576K
Event: 14.826 GC heap after
Heap after GC invocations=17 (full 3):
 PSYoungGen      total 213504K, used 19452K [0x00000000d5580000, 0x00000000e4380000, 0x0000000100000000)
  eden space 194048K, 0% used [0x00000000d5580000,0x00000000d5580000,0x00000000e1300000)
  from space 19456K, 99% used [0x00000000e2a00000,0x00000000e3cff0a0,0x00000000e3d00000)
  to   space 23552K, 0% used [0x00000000e1300000,0x00000000e1300000,0x00000000e2a00000)
 ParOldGen       total 144896K, used 38482K [0x0000000080000000, 0x0000000088d80000, 0x00000000d5580000)
  object space 144896K, 26% used [0x0000000080000000,0x0000000082594b30,0x0000000088d80000)
 Metaspace       used 62665K, capacity 65542K, committed 65576K, reserved 1105920K
  class space    used 8568K, capacity 9233K, committed 9264K, reserved 1048576K
}
Event: 18.215 GC heap before
{Heap before GC invocations=18 (full 3):
 PSYoungGen      total 213504K, used 213500K [0x00000000d5580000, 0x00000000e4380000, 0x0000000100000000)
  eden space 194048K, 100% used [0x00000000d5580000,0x00000000e1300000,0x00000000e1300000)
  from space 19456K, 99% used [0x00000000e2a00000,0x00000000e3cff0a0,0x00000000e3d00000)
  to   space 23552K, 0% used [0x00000000e1300000,0x00000000e1300000,0x00000000e2a00000)
 ParOldGen       total 144896K, used 38482K [0x0000000080000000, 0x0000000088d80000, 0x00000000d5580000)
  object space 144896K, 26% used [0x0000000080000000,0x0000000082594b30,0x0000000088d80000)
 Metaspace       used 73001K, capacity 76862K, committed 77224K, reserved 1116160K
  class space    used 10009K, capacity 10807K, committed 10928K, reserved 1048576K
Event: 18.266 GC heap after
Heap after GC invocations=18 (full 3):
 PSYoungGen      total 217600K, used 18754K [0x00000000d5580000, 0x00000000e4380000, 0x0000000100000000)
  eden space 194048K, 0% used [0x00000000d5580000,0x00000000d5580000,0x00000000e1300000)
  from space 23552K, 79% used [0x00000000e1300000,0x00000000e2550848,0x00000000e2a00000)
  to   space 19456K, 0% used [0x00000000e2a00000,0x00000000e2a00000,0x00000000e3d00000)
 ParOldGen       total 144896K, used 50690K [0x0000000080000000, 0x0000000088d80000, 0x00000000d5580000)
  object space 144896K, 34% used [0x0000000080000000,0x0000000083180b90,0x0000000088d80000)
 Metaspace       used 73001K, capacity 76862K, committed 77224K, reserved 1116160K
  class space    used 10009K, capacity 10807K, committed 10928K, reserved 1048576K
}

