# JRE version: OpenJDK Runtime Environment (8.0_242-b01) (build 1.8.0_242-release-1644-b01)
# Java VM: OpenJDK 64-Bit Server VM (25.242-b01 mixed mode windows-amd64 compressed oops)
Heap:
 PSYoungGen      total 210944K, used 57580K [0x00000000d5580000, 0x00000000e4580000, 0x0000000100000000)
  eden space 185344K, 17% used [0x00000000d5580000,0x00000000d7520bc8,0x00000000e0a80000)
  from space 25600K, 98% used [0x00000000e2700000,0x00000000e3f9a5f8,0x00000000e4000000)
  to   space 29184K, 0% used [0x00000000e0a80000,0x00000000e0a80000,0x00000000e2700000)
 ParOldGen       total 131072K, used 55377K [0x0000000080000000, 0x0000000088000000, 0x00000000d5580000)
  object space 131072K, 42% used [0x0000000080000000,0x0000000083614478,0x0000000088000000)
 Metaspace       used 83742K, capacity 87838K, committed 87976K, reserved 1124352K
  class space    used 11304K, capacity 12195K, committed 12208K, reserved 1048576K
GC Heap History (10 events):
Event: 32.382 GC heap before
{Heap before GC invocations=19 (full 3):
 PSYoungGen      total 129536K, used 111104K [0x00000000d5580000, 0x00000000e0d80000, 0x0000000100000000)
  eden space 111104K, 100% used [0x00000000d5580000,0x00000000dc200000,0x00000000dc200000)
  from space 18432K, 0% used [0x00000000dc200000,0x00000000dc200000,0x00000000dd400000)
  to   space 18432K, 0% used [0x00000000dfb80000,0x00000000dfb80000,0x00000000e0d80000)
 ParOldGen       total 131072K, used 34541K [0x0000000080000000, 0x0000000088000000, 0x00000000d5580000)
  object space 131072K, 26% used [0x0000000080000000,0x00000000821bb650,0x0000000088000000)
 Metaspace       used 63573K, capacity 65976K, committed 66088K, reserved 1105920K
  class space    used 8669K, capacity 9204K, committed 9264K, reserved 1048576K
Event: 32.415 GC heap after
Heap after GC invocations=19 (full 3):
 PSYoungGen      total 157184K, used 15201K [0x00000000d5580000, 0x00000000e0a80000, 0x0000000100000000)
  eden space 141824K, 0% used [0x00000000d5580000,0x00000000d5580000,0x00000000de000000)
  from space 15360K, 98% used [0x00000000dfb80000,0x00000000e0a58470,0x00000000e0a80000)
  to   space 19968K, 0% used [0x00000000de380000,0x00000000de380000,0x00000000df700000)
 ParOldGen       total 131072K, used 34549K [0x0000000080000000, 0x0000000088000000, 0x00000000d5580000)
  object space 131072K, 26% used [0x0000000080000000,0x00000000821bd650,0x0000000088000000)
 Metaspace       used 63573K, capacity 65976K, committed 66088K, reserved 1105920K
  class space    used 8669K, capacity 9204K, committed 9264K, reserved 1048576K
}
Event: 38.509 GC heap before
{Heap before GC invocations=20 (full 3):
 PSYoungGen      total 157184K, used 157025K [0x00000000d5580000, 0x00000000e0a80000, 0x0000000100000000)
  eden space 141824K, 100% used [0x00000000d5580000,0x00000000de000000,0x00000000de000000)
  from space 15360K, 98% used [0x00000000dfb80000,0x00000000e0a58470,0x00000000e0a80000)
  to   space 19968K, 0% used [0x00000000de380000,0x00000000de380000,0x00000000df700000)
 ParOldGen       total 131072K, used 34549K [0x0000000080000000, 0x0000000088000000, 0x00000000d5580000)
  object space 131072K, 26% used [0x0000000080000000,0x00000000821bd650,0x0000000088000000)
 Metaspace       used 65764K, capacity 68544K, committed 68776K, reserved 1107968K
  class space    used 8943K, capacity 9578K, committed 9648K, reserved 1048576K
Event: 38.558 GC heap after
Heap after GC invocations=20 (full 3):
 PSYoungGen      total 165376K, used 19941K [0x00000000d5580000, 0x00000000e2480000, 0x0000000100000000)
  eden space 145408K, 0% used [0x00000000d5580000,0x00000000d5580000,0x00000000de380000)
  from space 19968K, 99% used [0x00000000de380000,0x00000000df6f9520,0x00000000df700000)
  to   space 23040K, 0% used [0x00000000e0e00000,0x00000000e0e00000,0x00000000e2480000)
 ParOldGen       total 131072K, used 35713K [0x0000000080000000, 0x0000000088000000, 0x00000000d5580000)
  object space 131072K, 27% used [0x0000000080000000,0x00000000822e07a8,0x0000000088000000)
 Metaspace       used 65764K, capacity 68544K, committed 68776K, reserved 1107968K
  class space    used 8943K, capacity 9578K, committed 9648K, reserved 1048576K
}
Event: 45.249 GC heap before
{Heap before GC invocations=21 (full 3):
 PSYoungGen      total 165376K, used 165349K [0x00000000d5580000, 0x00000000e2480000, 0x0000000100000000)
  eden space 145408K, 100% used [0x00000000d5580000,0x00000000de380000,0x00000000de380000)
  from space 19968K, 99% used [0x00000000de380000,0x00000000df6f9520,0x00000000df700000)
  to   space 23040K, 0% used [0x00000000e0e00000,0x00000000e0e00000,0x00000000e2480000)
 ParOldGen       total 131072K, used 35713K [0x0000000080000000, 0x0000000088000000, 0x00000000d5580000)
  object space 131072K, 27% used [0x0000000080000000,0x00000000822e07a8,0x0000000088000000)
 Metaspace       used 71276K, capacity 74286K, committed 74408K, reserved 1114112K
  class space    used 9673K, capacity 10350K, committed 10416K, reserved 1048576K
Event: 45.318 GC heap after
Heap after GC invocations=21 (full 3):
 PSYoungGen      total 187392K, used 18217K [0x00000000d5580000, 0x00000000e2a80000, 0x0000000100000000)
  eden space 164352K, 0% used [0x00000000d5580000,0x00000000d5580000,0x00000000df600000)
  from space 23040K, 79% used [0x00000000e0e00000,0x00000000e1fca7b8,0x00000000e2480000)
  to   space 24576K, 0% used [0x00000000df600000,0x00000000df600000,0x00000000e0e00000)
 ParOldGen       total 131072K, used 55361K [0x0000000080000000, 0x0000000088000000, 0x00000000d5580000)
  object space 131072K, 42% used [0x0000000080000000,0x0000000083610478,0x0000000088000000)
 Metaspace       used 71276K, capacity 74286K, committed 74408K, reserved 1114112K
  class space    used 9673K, capacity 10350K, committed 10416K, reserved 1048576K
}
Event: 48.826 GC heap before
{Heap before GC invocations=22 (full 3):
 PSYoungGen      total 187392K, used 182569K [0x00000000d5580000, 0x00000000e2a80000, 0x0000000100000000)
  eden space 164352K, 100% used [0x00000000d5580000,0x00000000df600000,0x00000000df600000)
  from space 23040K, 79% used [0x00000000e0e00000,0x00000000e1fca7b8,0x00000000e2480000)
  to   space 24576K, 0% used [0x00000000df600000,0x00000000df600000,0x00000000e0e00000)
 ParOldGen       total 131072K, used 55361K [0x0000000080000000, 0x0000000088000000, 0x00000000d5580000)
  object space 131072K, 42% used [0x0000000080000000,0x0000000083610478,0x0000000088000000)
 Metaspace       used 73778K, capacity 76912K, committed 77224K, reserved 1116160K
  class space    used 9890K, capacity 10576K, committed 10672K, reserved 1048576K
Event: 48.847 GC heap after
Heap after GC invocations=22 (full 3):
 PSYoungGen      total 188928K, used 17868K [0x00000000d5580000, 0x00000000e4000000, 0x0000000100000000)
  eden space 164352K, 0% used [0x00000000d5580000,0x00000000d5580000,0x00000000df600000)
  from space 24576K, 72% used [0x00000000df600000,0x00000000e07733a8,0x00000000e0e00000)
  to   space 25600K, 0% used [0x00000000e2700000,0x00000000e2700000,0x00000000e4000000)
 ParOldGen       total 131072K, used 55369K [0x0000000080000000, 0x0000000088000000, 0x00000000d5580000)
  object space 131072K, 42% used [0x0000000080000000,0x0000000083612478,0x0000000088000000)
 Metaspace       used 73778K, capacity 76912K, committed 77224K, reserved 1116160K
  class space    used 9890K, capacity 10576K, committed 10672K, reserved 1048576K
}
Event: 54.193 GC heap before
{Heap before GC invocations=23 (full 3):
 PSYoungGen      total 188928K, used 182220K [0x00000000d5580000, 0x00000000e4000000, 0x0000000100000000)
  eden space 164352K, 100% used [0x00000000d5580000,0x00000000df600000,0x00000000df600000)
  from space 24576K, 72% used [0x00000000df600000,0x00000000e07733a8,0x00000000e0e00000)
  to   space 25600K, 0% used [0x00000000e2700000,0x00000000e2700000,0x00000000e4000000)
 ParOldGen       total 131072K, used 55369K [0x0000000080000000, 0x0000000088000000, 0x00000000d5580000)
  object space 131072K, 42% used [0x0000000080000000,0x0000000083612478,0x0000000088000000)
 Metaspace       used 82670K, capacity 86520K, committed 86824K, reserved 1124352K
  class space    used 11169K, capacity 11990K, committed 12080K, reserved 1048576K
Event: 54.231 GC heap after
Heap after GC invocations=23 (full 3):
 PSYoungGen      total 210944K, used 25193K [0x00000000d5580000, 0x00000000e4580000, 0x0000000100000000)
  eden space 185344K, 0% used [0x00000000d5580000,0x00000000d5580000,0x00000000e0a80000)
  from space 25600K, 98% used [0x00000000e2700000,0x00000000e3f9a5f8,0x00000000e4000000)
  to   space 29184K, 0% used [0x00000000e0a80000,0x00000000e0a80000,0x00000000e2700000)
 ParOldGen       total 131072K, used 55377K [0x0000000080000000, 0x0000000088000000, 0x00000000d5580000)
  object space 131072K, 42% used [0x0000000080000000,0x0000000083614478,0x0000000088000000)
 Metaspace       used 82670K, capacity 86520K, committed 86824K, reserved 1124352K
  class space    used 11169K, capacity 11990K, committed 12080K, reserved 1048576K
}

